<?xml version="1.0" encoding="UTF-8"?>
<testsuite name="Test" tests="1" skipped="0" failures="0" errors="0" timestamp="2024-02-20T16:42:25" hostname="LAPTOP-EM849TNM" time="0.097">
  <properties/>
  <testcase name="testSolution()" classname="Test" time="0.097"/>
  <system-out><![CDATA[]]></system-out>
  <system-err><![CDATA[]]></system-err>
</testsuite>
